2020-03-09 10:42:51 [ ERROR ] [ LoggingFailureAnalysisReporter.java :42(report)] 

***************************
APPLICATION FAILED TO START
***************************

Description:

Parameter 0 of method shiroCacheManager in cn.jeeweb.bbs.config.ShiroConfig required a bean of type 'org.springframework.cache.ehcache.EhCacheCacheManager' that could not be found.
	- Bean method 'cacheManager' not loaded because Cache org.springframework.boot.autoconfigure.cache.EhCacheCacheConfiguration unknown cache type


Action:

Consider revisiting the conditions above or defining a bean of type 'org.springframework.cache.ehcache.EhCacheCacheManager' in your configuration.

2020-03-09 10:43:02 [ ERROR ] [ LoggingFailureAnalysisReporter.java :42(report)] 

***************************
APPLICATION FAILED TO START
***************************

Description:

Parameter 0 of method shiroCacheManager in cn.jeeweb.bbs.config.ShiroConfig required a bean of type 'org.springframework.cache.ehcache.EhCacheCacheManager' that could not be found.
	- Bean method 'cacheManager' not loaded because Cache org.springframework.boot.autoconfigure.cache.EhCacheCacheConfiguration unknown cache type


Action:

Consider revisiting the conditions above or defining a bean of type 'org.springframework.cache.ehcache.EhCacheCacheManager' in your configuration.

2020-03-09 10:49:12 [ ERROR ] [ LoggingFailureAnalysisReporter.java :42(report)] 

***************************
APPLICATION FAILED TO START
***************************

Description:

Parameter 0 of method shiroCacheManager in cn.jeeweb.bbs.config.ShiroConfig required a bean of type 'org.springframework.cache.ehcache.EhCacheCacheManager' that could not be found.
	- Bean method 'cacheManager' not loaded because Cache org.springframework.boot.autoconfigure.cache.EhCacheCacheConfiguration unknown cache type


Action:

Consider revisiting the conditions above or defining a bean of type 'org.springframework.cache.ehcache.EhCacheCacheManager' in your configuration.

2020-03-09 10:54:27 [ ERROR ] [ LoggingFailureAnalysisReporter.java :42(report)] 

***************************
APPLICATION FAILED TO START
***************************

Description:

Parameter 1 of method sessionDAO in cn.jeeweb.bbs.config.ShiroConfig required a bean of type 'org.springframework.data.redis.core.RedisTemplate' that could not be found.
	- Bean method 'redisTemplate' not loaded because auto-configuration 'RedisAutoConfiguration' was excluded
	- Bean method 'stringRedisTemplate' not loaded because auto-configuration 'RedisAutoConfiguration' was excluded


Action:

Consider revisiting the conditions above or defining a bean of type 'org.springframework.data.redis.core.RedisTemplate' in your configuration.

2020-03-09 11:12:26 [ ERROR ] [ DruidDataSource.java :1190(handleConnectionException)] discard connection
com.mysql.jdbc.exceptions.jdbc4.CommunicationsException: Communications link failure

The last packet successfully received from the server was 83,889 milliseconds ago.  The last packet sent successfully to the server was 26,742 milliseconds ago.
	at sun.reflect.NativeConstructorAccessorImpl.newInstance0(Native Method)
	at sun.reflect.NativeConstructorAccessorImpl.newInstance(Unknown Source)
	at sun.reflect.DelegatingConstructorAccessorImpl.newInstance(Unknown Source)
	at java.lang.reflect.Constructor.newInstance(Unknown Source)
	at com.mysql.jdbc.Util.handleNewInstance(Util.java:425)
	at com.mysql.jdbc.SQLError.createCommunicationsException(SQLError.java:990)
	at com.mysql.jdbc.MysqlIO.reuseAndReadPacket(MysqlIO.java:3562)
	at com.mysql.jdbc.MysqlIO.reuseAndReadPacket(MysqlIO.java:3462)
	at com.mysql.jdbc.MysqlIO.checkErrorPacket(MysqlIO.java:3903)
	at com.mysql.jdbc.MysqlIO.sendCommand(MysqlIO.java:2530)
	at com.mysql.jdbc.MysqlIO.sqlQueryDirect(MysqlIO.java:2683)
	at com.mysql.jdbc.ConnectionImpl.execSQL(ConnectionImpl.java:2482)
	at com.mysql.jdbc.ConnectionImpl.setAutoCommit(ConnectionImpl.java:4796)
	at com.alibaba.druid.pool.DruidPooledConnection.setAutoCommit(DruidPooledConnection.java:681)
	at org.springframework.jdbc.datasource.DataSourceTransactionManager.doBegin(DataSourceTransactionManager.java:283)
	at org.springframework.transaction.support.AbstractPlatformTransactionManager.getTransaction(AbstractPlatformTransactionManager.java:378)
	at org.springframework.transaction.interceptor.TransactionAspectSupport.createTransactionIfNecessary(TransactionAspectSupport.java:474)
	at org.springframework.transaction.interceptor.TransactionAspectSupport.invokeWithinTransaction(TransactionAspectSupport.java:289)
	at org.springframework.transaction.interceptor.TransactionInterceptor.invoke(TransactionInterceptor.java:98)
	at org.springframework.aop.framework.ReflectiveMethodInvocation.proceed(ReflectiveMethodInvocation.java:185)
	at org.springframework.aop.framework.CglibAopProxy$DynamicAdvisedInterceptor.intercept(CglibAopProxy.java:689)
	at cn.jeeweb.bbs.modules.task.service.impl.ScheduleJobLogServiceImpl$$EnhancerBySpringCGLIB$$306511fe.onStart(<generated>)
	at cn.jeeweb.common.quartz.factory.QuartzJobFactory.executeInternal(QuartzJobFactory.java:39)
	at org.springframework.scheduling.quartz.QuartzJobBean.execute(QuartzJobBean.java:75)
	at org.quartz.core.JobRunShell.run(JobRunShell.java:202)
	at org.quartz.simpl.SimpleThreadPool$WorkerThread.run(SimpleThreadPool.java:573)
Caused by: java.net.SocketTimeoutException: Read timed out
	at java.net.SocketInputStream.socketRead0(Native Method)
	at java.net.SocketInputStream.socketRead(Unknown Source)
	at java.net.SocketInputStream.read(Unknown Source)
	at java.net.SocketInputStream.read(Unknown Source)
	at sun.security.ssl.InputRecord.readFully(Unknown Source)
	at sun.security.ssl.InputRecord.read(Unknown Source)
	at sun.security.ssl.SSLSocketImpl.readRecord(Unknown Source)
	at sun.security.ssl.SSLSocketImpl.readDataRecord(Unknown Source)
	at sun.security.ssl.AppInputStream.read(Unknown Source)
	at com.mysql.jdbc.MysqlIO.readFully(MysqlIO.java:3011)
	at com.mysql.jdbc.MysqlIO.reuseAndReadPacket(MysqlIO.java:3472)
	... 19 more
2020-03-12 16:48:31 [ ERROR ] [ LoggingFailureAnalysisReporter.java :42(report)] 

***************************
APPLICATION FAILED TO START
***************************

Description:

The Tomcat connector configured to listen on port 9083 failed to start. The port may already be in use or the connector may be misconfigured.

Action:

Verify the connector's configuration, identify and stop any process that's listening on port 9083, or configure this application to listen on another port.

2020-03-15 15:36:01 [ ERROR ] [ LoggingFailureAnalysisReporter.java :42(report)] 

***************************
APPLICATION FAILED TO START
***************************

Description:

The Tomcat connector configured to listen on port 9083 failed to start. The port may already be in use or the connector may be misconfigured.

Action:

Verify the connector's configuration, identify and stop any process that's listening on port 9083, or configure this application to listen on another port.

2020-03-15 15:45:49 [ ERROR ] [ SpringApplication.java :842(reportFailure)] Application run failed
org.springframework.jmx.export.UnableToRegisterMBeanException: Unable to register MBean [{
	CreateTime:"2020-03-15 15:45:42",
	ActiveCount:0,
	PoolingCount:1,
	CreateCount:1,
	DestroyCount:0,
	CloseCount:2,
	ConnectCount:2,
	Connections:[
		{ID:831235243, ConnectTime:"2020-03-15 15:45:43", UseCount:2, LastActiveTime:"2020-03-15 15:45:49"}
	]
}] with key 'dataSource'; nested exception is javax.management.InstanceAlreadyExistsException: com.alibaba.druid.pool:name=dataSource,type=DruidDataSource
	at org.springframework.jmx.export.MBeanExporter.registerBeanNameOrInstance(MBeanExporter.java:625)
	at org.springframework.jmx.export.MBeanExporter.lambda$registerBeans$2(MBeanExporter.java:551)
	at java.util.HashMap.forEach(Unknown Source)
	at org.springframework.jmx.export.MBeanExporter.registerBeans(MBeanExporter.java:551)
	at org.springframework.jmx.export.MBeanExporter.afterSingletonsInstantiated(MBeanExporter.java:434)
	at org.springframework.beans.factory.support.DefaultListableBeanFactory.preInstantiateSingletons(DefaultListableBeanFactory.java:777)
	at org.springframework.context.support.AbstractApplicationContext.finishBeanFactoryInitialization(AbstractApplicationContext.java:869)
	at org.springframework.context.support.AbstractApplicationContext.refresh(AbstractApplicationContext.java:550)
	at org.springframework.boot.web.servlet.context.ServletWebServerApplicationContext.refresh(ServletWebServerApplicationContext.java:140)
	at org.springframework.boot.SpringApplication.refresh(SpringApplication.java:759)
	at org.springframework.boot.SpringApplication.refreshContext(SpringApplication.java:395)
	at org.springframework.boot.SpringApplication.run(SpringApplication.java:327)
	at org.springframework.boot.SpringApplication.run(SpringApplication.java:1255)
	at org.springframework.boot.SpringApplication.run(SpringApplication.java:1243)
	at cn.jeeweb.bbs.BbsBootApplication.main(BbsBootApplication.java:32)
	at sun.reflect.NativeMethodAccessorImpl.invoke0(Native Method)
	at sun.reflect.NativeMethodAccessorImpl.invoke(Unknown Source)
	at sun.reflect.DelegatingMethodAccessorImpl.invoke(Unknown Source)
	at java.lang.reflect.Method.invoke(Unknown Source)
	at org.springframework.boot.devtools.restart.RestartLauncher.run(RestartLauncher.java:49)
Caused by: javax.management.InstanceAlreadyExistsException: com.alibaba.druid.pool:name=dataSource,type=DruidDataSource
	at com.sun.jmx.mbeanserver.Repository.addMBean(Unknown Source)
	at com.sun.jmx.interceptor.DefaultMBeanServerInterceptor.registerWithRepository(Unknown Source)
	at com.sun.jmx.interceptor.DefaultMBeanServerInterceptor.registerDynamicMBean(Unknown Source)
	at com.sun.jmx.interceptor.DefaultMBeanServerInterceptor.registerObject(Unknown Source)
	at com.sun.jmx.interceptor.DefaultMBeanServerInterceptor.registerMBean(Unknown Source)
	at com.sun.jmx.mbeanserver.JmxMBeanServer.registerMBean(Unknown Source)
	at org.springframework.jmx.support.MBeanRegistrationSupport.doRegister(MBeanRegistrationSupport.java:137)
	at org.springframework.jmx.export.MBeanExporter.registerBeanInstance(MBeanExporter.java:671)
	at org.springframework.jmx.export.MBeanExporter.registerBeanNameOrInstance(MBeanExporter.java:615)
	... 19 more
2020-03-15 16:21:09 [ ERROR ] [ SpringApplication.java :842(reportFailure)] Application run failed
org.springframework.beans.factory.BeanCreationException: Error creating bean with name 'shiroFilter' defined in class path resource [cn/jeeweb/bbs/config/ShiroConfig.class]: BeanPostProcessor before instantiation of bean failed; nested exception is org.springframework.beans.factory.BeanCreationException: Error creating bean with name 'org.springframework.cache.annotation.ProxyCachingConfiguration': BeanPostProcessor before instantiation of bean failed; nested exception is org.springframework.beans.factory.UnsatisfiedDependencyException: Error creating bean with name 'authorizationAttributeSourceAdvisor' defined in class path resource [cn/jeeweb/bbs/config/ShiroConfig.class]: Unsatisfied dependency expressed through method 'authorizationAttributeSourceAdvisor' parameter 0; nested exception is org.springframework.beans.factory.UnsatisfiedDependencyException: Error creating bean with name 'securityManager' defined in class path resource [cn/jeeweb/bbs/config/ShiroConfig.class]: Unsatisfied dependency expressed through method 'securityManager' parameter 1; nested exception is org.springframework.beans.factory.BeanCreationException: Error creating bean with name 'userRealm' defined in class path resource [cn/jeeweb/bbs/config/ShiroConfig.class]: Bean instantiation via factory method failed; nested exception is org.springframework.beans.BeanInstantiationException: Failed to instantiate [cn.jeeweb.bbs.security.shiro.realm.UserRealm]: Factory method 'userRealm' threw exception; nested exception is java.lang.Error: Unresolved compilation problems: 
	The constructor UserRealm.Principal(OrderUser) refers to the missing type OrderUser
	OrderUser cannot be resolved to a type
	Syntax error on token ",", FormalParameter expected after this token
	Syntax error on tokens, delete these tokens
	Syntax error, insert "}" to complete BlockStatements

	at org.springframework.beans.factory.support.AbstractAutowireCapableBeanFactory.createBean(AbstractAutowireCapableBeanFactory.java:496)
	at org.springframework.beans.factory.support.AbstractBeanFactory.lambda$doGetBean$0(AbstractBeanFactory.java:317)
	at org.springframework.beans.factory.support.DefaultSingletonBeanRegistry.getSingleton(DefaultSingletonBeanRegistry.java:228)
	at org.springframework.beans.factory.support.AbstractBeanFactory.doGetBean(AbstractBeanFactory.java:315)
	at org.springframework.beans.factory.support.AbstractBeanFactory.getBean(AbstractBeanFactory.java:204)
	at org.springframework.context.support.PostProcessorRegistrationDelegate.registerBeanPostProcessors(PostProcessorRegistrationDelegate.java:238)
	at org.springframework.context.support.AbstractApplicationContext.registerBeanPostProcessors(AbstractApplicationContext.java:710)
	at org.springframework.context.support.AbstractApplicationContext.refresh(AbstractApplicationContext.java:535)
	at org.springframework.boot.web.servlet.context.ServletWebServerApplicationContext.refresh(ServletWebServerApplicationContext.java:140)
	at org.springframework.boot.SpringApplication.refresh(SpringApplication.java:759)
	at org.springframework.boot.SpringApplication.refreshContext(SpringApplication.java:395)
	at org.springframework.boot.SpringApplication.run(SpringApplication.java:327)
	at org.springframework.boot.SpringApplication.run(SpringApplication.java:1255)
	at org.springframework.boot.SpringApplication.run(SpringApplication.java:1243)
	at cn.jeeweb.bbs.BbsBootApplication.main(BbsBootApplication.java:32)
	at sun.reflect.NativeMethodAccessorImpl.invoke0(Native Method)
	at sun.reflect.NativeMethodAccessorImpl.invoke(Unknown Source)
	at sun.reflect.DelegatingMethodAccessorImpl.invoke(Unknown Source)
	at java.lang.reflect.Method.invoke(Unknown Source)
	at org.springframework.boot.devtools.restart.RestartLauncher.run(RestartLauncher.java:49)
Caused by: org.springframework.beans.factory.BeanCreationException: Error creating bean with name 'org.springframework.cache.annotation.ProxyCachingConfiguration': BeanPostProcessor before instantiation of bean failed; nested exception is org.springframework.beans.factory.UnsatisfiedDependencyException: Error creating bean with name 'authorizationAttributeSourceAdvisor' defined in class path resource [cn/jeeweb/bbs/config/ShiroConfig.class]: Unsatisfied dependency expressed through method 'authorizationAttributeSourceAdvisor' parameter 0; nested exception is org.springframework.beans.factory.UnsatisfiedDependencyException: Error creating bean with name 'securityManager' defined in class path resource [cn/jeeweb/bbs/config/ShiroConfig.class]: Unsatisfied dependency expressed through method 'securityManager' parameter 1; nested exception is org.springframework.beans.factory.BeanCreationException: Error creating bean with name 'userRealm' defined in class path resource [cn/jeeweb/bbs/config/ShiroConfig.class]: Bean instantiation via factory method failed; nested exception is org.springframework.beans.BeanInstantiationException: Failed to instantiate [cn.jeeweb.bbs.security.shiro.realm.UserRealm]: Factory method 'userRealm' threw exception; nested exception is java.lang.Error: Unresolved compilation problems: 
	The constructor UserRealm.Principal(OrderUser) refers to the missing type OrderUser
	OrderUser cannot be resolved to a type
	Syntax error on token ",", FormalParameter expected after this token
	Syntax error on tokens, delete these tokens
	Syntax error, insert "}" to complete BlockStatements

	at org.springframework.beans.factory.support.AbstractAutowireCapableBeanFactory.createBean(AbstractAutowireCapableBeanFactory.java:496)
	at org.springframework.beans.factory.support.AbstractBeanFactory.lambda$doGetBean$0(AbstractBeanFactory.java:317)
	at org.springframework.beans.factory.support.DefaultSingletonBeanRegistry.getSingleton(DefaultSingletonBeanRegistry.java:228)
	at org.springframework.beans.factory.support.AbstractBeanFactory.doGetBean(AbstractBeanFactory.java:315)
	at org.springframework.beans.factory.support.AbstractBeanFactory.getBean(AbstractBeanFactory.java:199)
	at org.springframework.beans.factory.support.ConstructorResolver.instantiateUsingFactoryMethod(ConstructorResolver.java:368)
	at org.springframework.beans.factory.support.AbstractAutowireCapableBeanFactory.instantiateUsingFactoryMethod(AbstractAutowireCapableBeanFactory.java:1250)
	at org.springframework.beans.factory.support.AbstractAutowireCapableBeanFactory.createBeanInstance(AbstractAutowireCapableBeanFactory.java:1099)
	at org.springframework.beans.factory.support.AbstractAutowireCapableBeanFactory.doCreateBean(AbstractAutowireCapableBeanFactory.java:541)
	at org.springframework.beans.factory.support.AbstractAutowireCapableBeanFactory.createBean(AbstractAutowireCapableBeanFactory.java:501)
	at org.springframework.beans.factory.support.AbstractBeanFactory.lambda$doGetBean$0(AbstractBeanFactory.java:317)
	at org.springframework.beans.factory.support.DefaultSingletonBeanRegistry.getSingleton(DefaultSingletonBeanRegistry.java:228)
	at org.springframework.beans.factory.support.AbstractBeanFactory.doGetBean(AbstractBeanFactory.java:315)
	at org.springframework.beans.factory.support.AbstractBeanFactory.getBean(AbstractBeanFactory.java:204)
	at org.springframework.aop.framework.autoproxy.BeanFactoryAdvisorRetrievalHelper.findAdvisorBeans(BeanFactoryAdvisorRetrievalHelper.java:94)
	at org.springframework.aop.framework.autoproxy.AbstractAdvisorAutoProxyCreator.findCandidateAdvisors(AbstractAdvisorAutoProxyCreator.java:109)
	at org.springframework.aop.aspectj.annotation.AnnotationAwareAspectJAutoProxyCreator.findCandidateAdvisors(AnnotationAwareAspectJAutoProxyCreator.java:92)
	at org.springframework.aop.aspectj.autoproxy.AspectJAwareAdvisorAutoProxyCreator.shouldSkip(AspectJAwareAdvisorAutoProxyCreator.java:101)
	at org.springframework.aop.framework.autoproxy.AbstractAutoProxyCreator.postProcessBeforeInstantiation(AbstractAutoProxyCreator.java:254)
	at org.springframework.beans.factory.support.AbstractAutowireCapableBeanFactory.applyBeanPostProcessorsBeforeInstantiation(AbstractAutowireCapableBeanFactory.java:1063)
	at org.springframework.beans.factory.support.AbstractAutowireCapableBeanFactory.resolveBeforeInstantiation(AbstractAutowireCapableBeanFactory.java:1036)
	at org.springframework.beans.factory.support.AbstractAutowireCapableBeanFactory.createBean(AbstractAutowireCapableBeanFactory.java:490)
	... 19 more
Caused by: org.springframework.beans.factory.UnsatisfiedDependencyException: Error creating bean with name 'authorizationAttributeSourceAdvisor' defined in class path resource [cn/jeeweb/bbs/config/ShiroConfig.class]: Unsatisfied dependency expressed through method 'authorizationAttributeSourceAdvisor' parameter 0; nested exception is org.springframework.beans.factory.UnsatisfiedDependencyException: Error creating bean with name 'securityManager' defined in class path resource [cn/jeeweb/bbs/config/ShiroConfig.class]: Unsatisfied dependency expressed through method 'securityManager' parameter 1; nested exception is org.springframework.beans.factory.BeanCreationException: Error creating bean with name 'userRealm' defined in class path resource [cn/jeeweb/bbs/config/ShiroConfig.class]: Bean instantiation via factory method failed; nested exception is org.springframework.beans.BeanInstantiationException: Failed to instantiate [cn.jeeweb.bbs.security.shiro.realm.UserRealm]: Factory method 'userRealm' threw exception; nested exception is java.lang.Error: Unresolved compilation problems: 
	The constructor UserRealm.Principal(OrderUser) refers to the missing type OrderUser
	OrderUser cannot be resolved to a type
	Syntax error on token ",", FormalParameter expected after this token
	Syntax error on tokens, delete these tokens
	Syntax error, insert "}" to complete BlockStatements

	at org.springframework.beans.factory.support.ConstructorResolver.createArgumentArray(ConstructorResolver.java:729)
	at org.springframework.beans.factory.support.ConstructorResolver.instantiateUsingFactoryMethod(ConstructorResolver.java:470)
	at org.springframework.beans.factory.support.AbstractAutowireCapableBeanFactory.instantiateUsingFactoryMethod(AbstractAutowireCapableBeanFactory.java:1250)
	at org.springframework.beans.factory.support.AbstractAutowireCapableBeanFactory.createBeanInstance(AbstractAutowireCapableBeanFactory.java:1099)
	at org.springframework.beans.factory.support.AbstractAutowireCapableBeanFactory.doCreateBean(AbstractAutowireCapableBeanFactory.java:541)
	at org.springframework.beans.factory.support.AbstractAutowireCapableBeanFactory.createBean(AbstractAutowireCapableBeanFactory.java:501)
	at org.springframework.beans.factory.support.AbstractBeanFactory.lambda$doGetBean$0(AbstractBeanFactory.java:317)
	at org.springframework.beans.factory.support.DefaultSingletonBeanRegistry.getSingleton(DefaultSingletonBeanRegistry.java:228)
	at org.springframework.beans.factory.support.AbstractBeanFactory.doGetBean(AbstractBeanFactory.java:315)
	at org.springframework.beans.factory.support.AbstractBeanFactory.getBean(AbstractBeanFactory.java:204)
	at org.springframework.aop.framework.autoproxy.BeanFactoryAdvisorRetrievalHelper.findAdvisorBeans(BeanFactoryAdvisorRetrievalHelper.java:94)
	at org.springframework.aop.framework.autoproxy.AbstractAdvisorAutoProxyCreator.findCandidateAdvisors(AbstractAdvisorAutoProxyCreator.java:109)
	at org.springframework.aop.aspectj.annotation.AnnotationAwareAspectJAutoProxyCreator.findCandidateAdvisors(AnnotationAwareAspectJAutoProxyCreator.java:92)
	at org.springframework.aop.aspectj.autoproxy.AspectJAwareAdvisorAutoProxyCreator.shouldSkip(AspectJAwareAdvisorAutoProxyCreator.java:101)
	at org.springframework.aop.framework.autoproxy.AbstractAutoProxyCreator.postProcessBeforeInstantiation(AbstractAutoProxyCreator.java:254)
	at org.springframework.beans.factory.support.AbstractAutowireCapableBeanFactory.applyBeanPostProcessorsBeforeInstantiation(AbstractAutowireCapableBeanFactory.java:1063)
	at org.springframework.beans.factory.support.AbstractAutowireCapableBeanFactory.resolveBeforeInstantiation(AbstractAutowireCapableBeanFactory.java:1036)
	at org.springframework.beans.factory.support.AbstractAutowireCapableBeanFactory.createBean(AbstractAutowireCapableBeanFactory.java:490)
	... 40 more
Caused by: org.springframework.beans.factory.UnsatisfiedDependencyException: Error creating bean with name 'securityManager' defined in class path resource [cn/jeeweb/bbs/config/ShiroConfig.class]: Unsatisfied dependency expressed through method 'securityManager' parameter 1; nested exception is org.springframework.beans.factory.BeanCreationException: Error creating bean with name 'userRealm' defined in class path resource [cn/jeeweb/bbs/config/ShiroConfig.class]: Bean instantiation via factory method failed; nested exception is org.springframework.beans.BeanInstantiationException: Failed to instantiate [cn.jeeweb.bbs.security.shiro.realm.UserRealm]: Factory method 'userRealm' threw exception; nested exception is java.lang.Error: Unresolved compilation problems: 
	The constructor UserRealm.Principal(OrderUser) refers to the missing type OrderUser
	OrderUser cannot be resolved to a type
	Syntax error on token ",", FormalParameter expected after this token
	Syntax error on tokens, delete these tokens
	Syntax error, insert "}" to complete BlockStatements

	at org.springframework.beans.factory.support.ConstructorResolver.createArgumentArray(ConstructorResolver.java:729)
	at org.springframework.beans.factory.support.ConstructorResolver.instantiateUsingFactoryMethod(ConstructorResolver.java:470)
	at org.springframework.beans.factory.support.AbstractAutowireCapableBeanFactory.instantiateUsingFactoryMethod(AbstractAutowireCapableBeanFactory.java:1250)
	at org.springframework.beans.factory.support.AbstractAutowireCapableBeanFactory.createBeanInstance(AbstractAutowireCapableBeanFactory.java:1099)
	at org.springframework.beans.factory.support.AbstractAutowireCapableBeanFactory.doCreateBean(AbstractAutowireCapableBeanFactory.java:541)
	at org.springframework.beans.factory.support.AbstractAutowireCapableBeanFactory.createBean(AbstractAutowireCapableBeanFactory.java:501)
	at org.springframework.beans.factory.support.AbstractBeanFactory.lambda$doGetBean$0(AbstractBeanFactory.java:317)
	at org.springframework.beans.factory.support.DefaultSingletonBeanRegistry.getSingleton(DefaultSingletonBeanRegistry.java:228)
	at org.springframework.beans.factory.support.AbstractBeanFactory.doGetBean(AbstractBeanFactory.java:315)
	at org.springframework.beans.factory.support.AbstractBeanFactory.getBean(AbstractBeanFactory.java:199)
	at org.springframework.beans.factory.config.DependencyDescriptor.resolveCandidate(DependencyDescriptor.java:251)
	at org.springframework.beans.factory.support.DefaultListableBeanFactory.doResolveDependency(DefaultListableBeanFactory.java:1138)
	at org.springframework.beans.factory.support.DefaultListableBeanFactory.resolveDependency(DefaultListableBeanFactory.java:1065)
	at org.springframework.beans.factory.support.ConstructorResolver.resolveAutowiredArgument(ConstructorResolver.java:815)
	at org.springframework.beans.factory.support.ConstructorResolver.createArgumentArray(ConstructorResolver.java:721)
	... 57 more
Caused by: org.springframework.beans.factory.BeanCreationException: Error creating bean with name 'userRealm' defined in class path resource [cn/jeeweb/bbs/config/ShiroConfig.class]: Bean instantiation via factory method failed; nested exception is org.springframework.beans.BeanInstantiationException: Failed to instantiate [cn.jeeweb.bbs.security.shiro.realm.UserRealm]: Factory method 'userRealm' threw exception; nested exception is java.lang.Error: Unresolved compilation problems: 
	The constructor UserRealm.Principal(OrderUser) refers to the missing type OrderUser
	OrderUser cannot be resolved to a type
	Syntax error on token ",", FormalParameter expected after this token
	Syntax error on tokens, delete these tokens
	Syntax error, insert "}" to complete BlockStatements

	at org.springframework.beans.factory.support.ConstructorResolver.instantiateUsingFactoryMethod(ConstructorResolver.java:587)
	at org.springframework.beans.factory.support.AbstractAutowireCapableBeanFactory.instantiateUsingFactoryMethod(AbstractAutowireCapableBeanFactory.java:1250)
	at org.springframework.beans.factory.support.AbstractAutowireCapableBeanFactory.createBeanInstance(AbstractAutowireCapableBeanFactory.java:1099)
	at org.springframework.beans.factory.support.AbstractAutowireCapableBeanFactory.doCreateBean(AbstractAutowireCapableBeanFactory.java:541)
	at org.springframework.beans.factory.support.AbstractAutowireCapableBeanFactory.createBean(AbstractAutowireCapableBeanFactory.java:501)
	at org.springframework.beans.factory.support.AbstractBeanFactory.lambda$doGetBean$0(AbstractBeanFactory.java:317)
	at org.springframework.beans.factory.support.DefaultSingletonBeanRegistry.getSingleton(DefaultSingletonBeanRegistry.java:228)
	at org.springframework.beans.factory.support.AbstractBeanFactory.doGetBean(AbstractBeanFactory.java:315)
	at org.springframework.beans.factory.support.AbstractBeanFactory.getBean(AbstractBeanFactory.java:199)
	at org.springframework.beans.factory.config.DependencyDescriptor.resolveCandidate(DependencyDescriptor.java:251)
	at org.springframework.beans.factory.support.DefaultListableBeanFactory.doResolveDependency(DefaultListableBeanFactory.java:1138)
	at org.springframework.beans.factory.support.DefaultListableBeanFactory.resolveDependency(DefaultListableBeanFactory.java:1065)
	at org.springframework.beans.factory.support.ConstructorResolver.resolveAutowiredArgument(ConstructorResolver.java:815)
	at org.springframework.beans.factory.support.ConstructorResolver.createArgumentArray(ConstructorResolver.java:721)
	... 71 more
Caused by: org.springframework.beans.BeanInstantiationException: Failed to instantiate [cn.jeeweb.bbs.security.shiro.realm.UserRealm]: Factory method 'userRealm' threw exception; nested exception is java.lang.Error: Unresolved compilation problems: 
	The constructor UserRealm.Principal(OrderUser) refers to the missing type OrderUser
	OrderUser cannot be resolved to a type
	Syntax error on token ",", FormalParameter expected after this token
	Syntax error on tokens, delete these tokens
	Syntax error, insert "}" to complete BlockStatements

	at org.springframework.beans.factory.support.SimpleInstantiationStrategy.instantiate(SimpleInstantiationStrategy.java:185)
	at org.springframework.beans.factory.support.ConstructorResolver.instantiateUsingFactoryMethod(ConstructorResolver.java:579)
	... 84 more
Caused by: java.lang.Error: Unresolved compilation problems: 
	The constructor UserRealm.Principal(OrderUser) refers to the missing type OrderUser
	OrderUser cannot be resolved to a type
	Syntax error on token ",", FormalParameter expected after this token
	Syntax error on tokens, delete these tokens
	Syntax error, insert "}" to complete BlockStatements

	at cn.jeeweb.bbs.security.shiro.realm.UserRealm.<init>(UserRealm.java:70)
	at cn.jeeweb.bbs.config.ShiroConfig.userRealm(ShiroConfig.java:94)
	at cn.jeeweb.bbs.config.ShiroConfig$$EnhancerBySpringCGLIB$$d84fe104.CGLIB$userRealm$2(<generated>)
	at cn.jeeweb.bbs.config.ShiroConfig$$EnhancerBySpringCGLIB$$d84fe104$$FastClassBySpringCGLIB$$e6a4ca0c.invoke(<generated>)
	at org.springframework.cglib.proxy.MethodProxy.invokeSuper(MethodProxy.java:228)
	at org.springframework.context.annotation.ConfigurationClassEnhancer$BeanMethodInterceptor.intercept(ConfigurationClassEnhancer.java:361)
	at cn.jeeweb.bbs.config.ShiroConfig$$EnhancerBySpringCGLIB$$d84fe104.userRealm(<generated>)
	at sun.reflect.NativeMethodAccessorImpl.invoke0(Native Method)
	at sun.reflect.NativeMethodAccessorImpl.invoke(Unknown Source)
	at sun.reflect.DelegatingMethodAccessorImpl.invoke(Unknown Source)
	at java.lang.reflect.Method.invoke(Unknown Source)
	at org.springframework.beans.factory.support.SimpleInstantiationStrategy.instantiate(SimpleInstantiationStrategy.java:154)
	... 85 more
2020-03-15 16:31:39 [ ERROR ] [ SpringApplication.java :842(reportFailure)] Application run failed
org.springframework.beans.factory.BeanCreationException: Error creating bean with name 'orderUserRealm' defined in class path resource [cn/jeeweb/bbs/config/ShiroConfig.class]: Bean instantiation via factory method failed; nested exception is org.springframework.beans.BeanInstantiationException: Failed to instantiate [cn.jeeweb.bbs.security.shiro.realm.OrderUserRealm]: Factory method 'orderUserRealm' threw exception; nested exception is java.lang.Error: Unresolved compilation problem: 
	Type mismatch: cannot convert from UserRealm to OrderUserRealm

	at org.springframework.beans.factory.support.ConstructorResolver.instantiateUsingFactoryMethod(ConstructorResolver.java:587)
	at org.springframework.beans.factory.support.AbstractAutowireCapableBeanFactory.instantiateUsingFactoryMethod(AbstractAutowireCapableBeanFactory.java:1250)
	at org.springframework.beans.factory.support.AbstractAutowireCapableBeanFactory.createBeanInstance(AbstractAutowireCapableBeanFactory.java:1099)
	at org.springframework.beans.factory.support.AbstractAutowireCapableBeanFactory.doCreateBean(AbstractAutowireCapableBeanFactory.java:541)
	at org.springframework.beans.factory.support.AbstractAutowireCapableBeanFactory.createBean(AbstractAutowireCapableBeanFactory.java:501)
	at org.springframework.beans.factory.support.AbstractBeanFactory.lambda$doGetBean$0(AbstractBeanFactory.java:317)
	at org.springframework.beans.factory.support.DefaultSingletonBeanRegistry.getSingleton(DefaultSingletonBeanRegistry.java:228)
	at org.springframework.beans.factory.support.AbstractBeanFactory.doGetBean(AbstractBeanFactory.java:315)
	at org.springframework.beans.factory.support.AbstractBeanFactory.getBean(AbstractBeanFactory.java:199)
	at org.springframework.beans.factory.support.DefaultListableBeanFactory.preInstantiateSingletons(DefaultListableBeanFactory.java:760)
	at org.springframework.context.support.AbstractApplicationContext.finishBeanFactoryInitialization(AbstractApplicationContext.java:869)
	at org.springframework.context.support.AbstractApplicationContext.refresh(AbstractApplicationContext.java:550)
	at org.springframework.boot.web.servlet.context.ServletWebServerApplicationContext.refresh(ServletWebServerApplicationContext.java:140)
	at org.springframework.boot.SpringApplication.refresh(SpringApplication.java:759)
	at org.springframework.boot.SpringApplication.refreshContext(SpringApplication.java:395)
	at org.springframework.boot.SpringApplication.run(SpringApplication.java:327)
	at org.springframework.boot.SpringApplication.run(SpringApplication.java:1255)
	at org.springframework.boot.SpringApplication.run(SpringApplication.java:1243)
	at cn.jeeweb.bbs.BbsBootApplication.main(BbsBootApplication.java:32)
	at sun.reflect.NativeMethodAccessorImpl.invoke0(Native Method)
	at sun.reflect.NativeMethodAccessorImpl.invoke(Unknown Source)
	at sun.reflect.DelegatingMethodAccessorImpl.invoke(Unknown Source)
	at java.lang.reflect.Method.invoke(Unknown Source)
	at org.springframework.boot.devtools.restart.RestartLauncher.run(RestartLauncher.java:49)
Caused by: org.springframework.beans.BeanInstantiationException: Failed to instantiate [cn.jeeweb.bbs.security.shiro.realm.OrderUserRealm]: Factory method 'orderUserRealm' threw exception; nested exception is java.lang.Error: Unresolved compilation problem: 
	Type mismatch: cannot convert from UserRealm to OrderUserRealm

	at org.springframework.beans.factory.support.SimpleInstantiationStrategy.instantiate(SimpleInstantiationStrategy.java:185)
	at org.springframework.beans.factory.support.ConstructorResolver.instantiateUsingFactoryMethod(ConstructorResolver.java:579)
	... 23 more
Caused by: java.lang.Error: Unresolved compilation problem: 
	Type mismatch: cannot convert from UserRealm to OrderUserRealm

	at cn.jeeweb.bbs.config.ShiroConfig.orderUserRealm(ShiroConfig.java:107)
	at cn.jeeweb.bbs.config.ShiroConfig$$EnhancerBySpringCGLIB$$d84fe104.CGLIB$orderUserRealm$7(<generated>)
	at cn.jeeweb.bbs.config.ShiroConfig$$EnhancerBySpringCGLIB$$d84fe104$$FastClassBySpringCGLIB$$e6a4ca0c.invoke(<generated>)
	at org.springframework.cglib.proxy.MethodProxy.invokeSuper(MethodProxy.java:228)
	at org.springframework.context.annotation.ConfigurationClassEnhancer$BeanMethodInterceptor.intercept(ConfigurationClassEnhancer.java:361)
	at cn.jeeweb.bbs.config.ShiroConfig$$EnhancerBySpringCGLIB$$d84fe104.orderUserRealm(<generated>)
	at sun.reflect.NativeMethodAccessorImpl.invoke0(Native Method)
	at sun.reflect.NativeMethodAccessorImpl.invoke(Unknown Source)
	at sun.reflect.DelegatingMethodAccessorImpl.invoke(Unknown Source)
	at java.lang.reflect.Method.invoke(Unknown Source)
	at org.springframework.beans.factory.support.SimpleInstantiationStrategy.instantiate(SimpleInstantiationStrategy.java:154)
	... 24 more
2020-03-15 16:31:47 [ ERROR ] [ LoggingFailureAnalysisReporter.java :42(report)] 

***************************
APPLICATION FAILED TO START
***************************

Description:

Parameter 1 of method securityManager in cn.jeeweb.bbs.config.ShiroConfig required a bean of type 'cn.jeeweb.bbs.security.shiro.realm.UserRealm' that could not be found.


Action:

Consider defining a bean of type 'cn.jeeweb.bbs.security.shiro.realm.UserRealm' in your configuration.

2020-03-15 16:32:08 [ ERROR ] [ LoggingFailureAnalysisReporter.java :42(report)] 

***************************
APPLICATION FAILED TO START
***************************

Description:

Parameter 1 of method securityManager in cn.jeeweb.bbs.config.ShiroConfig required a bean of type 'cn.jeeweb.bbs.security.shiro.realm.UserRealm' that could not be found.


Action:

Consider defining a bean of type 'cn.jeeweb.bbs.security.shiro.realm.UserRealm' in your configuration.

2020-03-15 19:35:36 [ ERROR ] [ LoggingFailureAnalysisReporter.java :42(report)] 

***************************
APPLICATION FAILED TO START
***************************

Description:

Parameter 1 of method securityManager in cn.jeeweb.bbs.config.ShiroConfig required a bean of type 'cn.jeeweb.bbs.security.shiro.realm.UserRealm' that could not be found.


Action:

Consider defining a bean of type 'cn.jeeweb.bbs.security.shiro.realm.UserRealm' in your configuration.

2020-03-15 19:42:03 [ ERROR ] [ SpringApplication.java :842(reportFailure)] Application run failed
java.lang.IllegalStateException: Error processing condition on com.spring4all.swagger.SwaggerAutoConfiguration.swaggerProperties
	at org.springframework.boot.autoconfigure.condition.SpringBootCondition.matches(SpringBootCondition.java:64)
	at org.springframework.context.annotation.ConditionEvaluator.shouldSkip(ConditionEvaluator.java:108)
	at org.springframework.context.annotation.ConfigurationClassBeanDefinitionReader.loadBeanDefinitionsForBeanMethod(ConfigurationClassBeanDefinitionReader.java:179)
	at org.springframework.context.annotation.ConfigurationClassBeanDefinitionReader.loadBeanDefinitionsForConfigurationClass(ConfigurationClassBeanDefinitionReader.java:141)
	at org.springframework.context.annotation.ConfigurationClassBeanDefinitionReader.loadBeanDefinitions(ConfigurationClassBeanDefinitionReader.java:117)
	at org.springframework.context.annotation.ConfigurationClassPostProcessor.processConfigBeanDefinitions(ConfigurationClassPostProcessor.java:328)
	at org.springframework.context.annotation.ConfigurationClassPostProcessor.postProcessBeanDefinitionRegistry(ConfigurationClassPostProcessor.java:233)
	at org.springframework.context.support.PostProcessorRegistrationDelegate.invokeBeanDefinitionRegistryPostProcessors(PostProcessorRegistrationDelegate.java:273)
	at org.springframework.context.support.PostProcessorRegistrationDelegate.invokeBeanFactoryPostProcessors(PostProcessorRegistrationDelegate.java:93)
	at org.springframework.context.support.AbstractApplicationContext.invokeBeanFactoryPostProcessors(AbstractApplicationContext.java:694)
	at org.springframework.context.support.AbstractApplicationContext.refresh(AbstractApplicationContext.java:532)
	at org.springframework.boot.web.servlet.context.ServletWebServerApplicationContext.refresh(ServletWebServerApplicationContext.java:140)
	at org.springframework.boot.SpringApplication.refresh(SpringApplication.java:759)
	at org.springframework.boot.SpringApplication.refreshContext(SpringApplication.java:395)
	at org.springframework.boot.SpringApplication.run(SpringApplication.java:327)
	at org.springframework.boot.SpringApplication.run(SpringApplication.java:1255)
	at org.springframework.boot.SpringApplication.run(SpringApplication.java:1243)
	at cn.jeeweb.bbs.BbsBootApplication.main(BbsBootApplication.java:32)
	at sun.reflect.NativeMethodAccessorImpl.invoke0(Native Method)
	at sun.reflect.NativeMethodAccessorImpl.invoke(Unknown Source)
	at sun.reflect.DelegatingMethodAccessorImpl.invoke(Unknown Source)
	at java.lang.reflect.Method.invoke(Unknown Source)
	at org.springframework.boot.devtools.restart.RestartLauncher.run(RestartLauncher.java:49)
Caused by: java.lang.IllegalStateException: Failed to introspect Class [cn.jeeweb.bbs.config.ShiroConfig] from ClassLoader [org.springframework.boot.devtools.restart.classloader.RestartClassLoader@5e85ad53]
	at org.springframework.util.ReflectionUtils.getDeclaredMethods(ReflectionUtils.java:659)
	at org.springframework.util.ReflectionUtils.doWithMethods(ReflectionUtils.java:556)
	at org.springframework.util.ReflectionUtils.doWithMethods(ReflectionUtils.java:541)
	at org.springframework.util.ReflectionUtils.getUniqueDeclaredMethods(ReflectionUtils.java:599)
	at org.springframework.beans.factory.support.AbstractAutowireCapableBeanFactory.getTypeForFactoryMethod(AbstractAutowireCapableBeanFactory.java:724)
	at org.springframework.beans.factory.support.AbstractAutowireCapableBeanFactory.determineTargetType(AbstractAutowireCapableBeanFactory.java:665)
	at org.springframework.beans.factory.support.AbstractAutowireCapableBeanFactory.predictBeanType(AbstractAutowireCapableBeanFactory.java:633)
	at org.springframework.beans.factory.support.AbstractBeanFactory.isFactoryBean(AbstractBeanFactory.java:1489)
	at org.springframework.beans.factory.support.AbstractBeanFactory.isFactoryBean(AbstractBeanFactory.java:1012)
	at org.springframework.boot.autoconfigure.condition.BeanTypeRegistry.addBeanTypeForNonAliasDefinition(BeanTypeRegistry.java:164)
	at org.springframework.boot.autoconfigure.condition.BeanTypeRegistry.addBeanType(BeanTypeRegistry.java:153)
	at org.springframework.boot.autoconfigure.condition.BeanTypeRegistry.updateTypesIfNecessary(BeanTypeRegistry.java:203)
	at org.springframework.boot.autoconfigure.condition.BeanTypeRegistry.getNamesForType(BeanTypeRegistry.java:115)
	at org.springframework.boot.autoconfigure.condition.OnBeanCondition.collectBeanNamesForType(OnBeanCondition.java:265)
	at org.springframework.boot.autoconfigure.condition.OnBeanCondition.getBeanNamesForType(OnBeanCondition.java:254)
	at org.springframework.boot.autoconfigure.condition.OnBeanCondition.getMatchingBeans(OnBeanCondition.java:196)
	at org.springframework.boot.autoconfigure.condition.OnBeanCondition.getMatchOutcome(OnBeanCondition.java:116)
	at org.springframework.boot.autoconfigure.condition.SpringBootCondition.matches(SpringBootCondition.java:47)
	... 22 more
Caused by: java.lang.NoClassDefFoundError: OrderUserRealm
	at java.lang.Class.getDeclaredMethods0(Native Method)
	at java.lang.Class.privateGetDeclaredMethods(Unknown Source)
	at java.lang.Class.getDeclaredMethods(Unknown Source)
	at org.springframework.util.ReflectionUtils.getDeclaredMethods(ReflectionUtils.java:641)
	... 39 more
Caused by: java.lang.ClassNotFoundException: OrderUserRealm
	at java.net.URLClassLoader.findClass(Unknown Source)
	at java.lang.ClassLoader.loadClass(Unknown Source)
	at sun.misc.Launcher$AppClassLoader.loadClass(Unknown Source)
	at java.lang.ClassLoader.loadClass(Unknown Source)
	at org.springframework.boot.devtools.restart.classloader.RestartClassLoader.loadClass(RestartClassLoader.java:148)
	at java.lang.ClassLoader.loadClass(Unknown Source)
	... 43 more
2020-03-15 20:18:39 [ ERROR ] [ LoggingFailureAnalysisReporter.java :42(report)] 

***************************
APPLICATION FAILED TO START
***************************

Description:

The Tomcat connector configured to listen on port 9083 failed to start. The port may already be in use or the connector may be misconfigured.

Action:

Verify the connector's configuration, identify and stop any process that's listening on port 9083, or configure this application to listen on another port.

2020-03-16 12:07:49 [ ERROR ] [ LoggingFailureAnalysisReporter.java :42(report)] 

***************************
APPLICATION FAILED TO START
***************************

Description:

The Tomcat connector configured to listen on port 9083 failed to start. The port may already be in use or the connector may be misconfigured.

Action:

Verify the connector's configuration, identify and stop any process that's listening on port 9083, or configure this application to listen on another port.

